Changes for SOFA Issue: 2010-12-01

New routines:
============

af2a.for
d2dtf.for
dtf2d.for
taitt.for
taiut1.for
taiutc.for
tcbtdb.for
tcgtt.for
tdbtcb.for
tdbtt.for
tf2a.for
tf2d.for
tttai.for
tttcg.for
tttdb.for
ttut1.for
ut1tai.for
ut1tt.for
ut1utc.for
utctai.for
utcut1.for

Changes:
=======

* dtdb.for: status downgraded from canonical model to support routine.

* gc2gd.for: WGS72 reference ellipsoid added to note.

* gc2gde.for: commenting error for status corrected.

* gd2gc.for: WGS72 reference ellipsoid added to note.

* gmst06.for: cosmetic.

* gmst82.for: cosmetic.

* gst06a.for: cosmetic.

* jdcalf.for: cosmetic.

* makefile: new routines added.

* t_sofa_f.for: new routines added.

2010/12/01

